<?xml version="1.0" encoding="UTF-8"?>
<testng-results ignored="0" total="0" passed="0" failed="0" skipped="0">
  <reporter-output>
  </reporter-output>
  <suite started-at="2021-07-07T12:03:42 COT" name="com.espn.AppTest" finished-at="2021-07-07T12:03:42 COT" duration-ms="34">
    <groups>
    </groups>
    <test started-at="2021-07-07T12:03:42 COT" name="Command line test" finished-at="2021-07-07T12:03:42 COT" duration-ms="34">
    </test> <!-- Command line test -->
  </suite> <!-- com.espn.AppTest -->
</testng-results>
